0 info it worked if it ends with ok
1 verbose cli [ '/Users/mbseid/.nvm/v0.10.35/bin/node',
1 verbose cli   '/Users/mbseid/.nvm/v0.10.35/bin/npm',
1 verbose cli   'run',
1 verbose cli   'migrate-up' ]
2 info using npm@1.4.28
3 info using node@v0.10.35
4 verbose run-script [ 'premigrate-up', 'migrate-up', 'postmigrate-up' ]
5 info premigrate-up leslie-eric.us@1.8.0
6 info migrate-up leslie-eric.us@1.8.0
7 verbose unsafe-perm in lifecycle true
8 info leslie-eric.us@1.8.0 Failed to exec migrate-up script
9 error leslie-eric.us@1.8.0 migrate-up: `./node_modules/db-migrate/bin/db-migrate up -e default --config config/migrations.json`
9 error Exit status 1
10 error Failed at the leslie-eric.us@1.8.0 migrate-up script.
10 error This is most likely a problem with the leslie-eric.us package,
10 error not with npm itself.
10 error Tell the author that this fails on your system:
10 error     ./node_modules/db-migrate/bin/db-migrate up -e default --config config/migrations.json
10 error You can get their info via:
10 error     npm owner ls leslie-eric.us
10 error There is likely additional logging output above.
11 error System Darwin 14.0.0
12 error command "/Users/mbseid/.nvm/v0.10.35/bin/node" "/Users/mbseid/.nvm/v0.10.35/bin/npm" "run" "migrate-up"
13 error cwd /Users/mbseid/Dev/open-marriage
14 error node -v v0.10.35
15 error npm -v 1.4.28
16 error code ELIFECYCLE
17 verbose exit [ 1, true ]
